2019-12-05 19:55:08.782  INFO 5792 --- [restartedMain] x.i.s.b.admin.client.ClientApplication   : Starting ClientApplication on 010A1805300032 with PID 5792 (D:\Code\ieden-example\spring-boot-example\spring-boot-admin\spring-boot-admin-client\target\classes started by lianghongwei01 in D:\Code\ieden-example)
2019-12-05 19:55:08.797  INFO 5792 --- [restartedMain] x.i.s.b.admin.client.ClientApplication   : No active profile set, falling back to default profiles: default
2019-12-05 19:55:08.971  INFO 5792 --- [restartedMain] .e.DevToolsPropertyDefaultsPostProcessor : Devtools property defaults active! Set 'spring.devtools.add-properties' to 'false' to disable
2019-12-05 19:55:08.972  INFO 5792 --- [restartedMain] .e.DevToolsPropertyDefaultsPostProcessor : For additional web related logging consider setting the 'logging.level.web' property to 'DEBUG'
2019-12-05 19:55:11.439  INFO 5792 --- [restartedMain] o.s.b.w.embedded.tomcat.TomcatWebServer  : Tomcat initialized with port(s): 8080 (http)
2019-12-05 19:55:11.449  INFO 5792 --- [restartedMain] o.apache.catalina.core.StandardService   : Starting service [Tomcat]
2019-12-05 19:55:11.450  INFO 5792 --- [restartedMain] org.apache.catalina.core.StandardEngine  : Starting Servlet engine: [Apache Tomcat/9.0.27]
2019-12-05 19:55:11.542  INFO 5792 --- [restartedMain] o.a.c.c.C.[.[localhost].[/admin/client]  : Initializing Spring embedded WebApplicationContext
2019-12-05 19:55:11.543  INFO 5792 --- [restartedMain] o.s.web.context.ContextLoader            : Root WebApplicationContext: initialization completed in 2565 ms
2019-12-05 19:55:11.768  INFO 5792 --- [restartedMain] o.s.b.a.e.web.ServletEndpointRegistrar   : Registered '/actuator/jolokia' to jolokia-actuator-endpoint
2019-12-05 19:55:11.920  INFO 5792 --- [restartedMain] o.s.s.concurrent.ThreadPoolTaskExecutor  : Initializing ExecutorService 'applicationTaskExecutor'
2019-12-05 19:55:12.108  INFO 5792 --- [restartedMain] o.s.s.c.ThreadPoolTaskScheduler          : Initializing ExecutorService
2019-12-05 19:55:12.168  WARN 5792 --- [restartedMain] o.s.b.d.a.OptionalLiveReloadServer       : Unable to start LiveReload server
2019-12-05 19:55:12.172  INFO 5792 --- [restartedMain] o.s.b.a.e.web.EndpointLinksResolver      : Exposing 15 endpoint(s) beneath base path '/actuator'
2019-12-05 19:55:12.301  INFO 5792 --- [restartedMain] o.s.b.w.embedded.tomcat.TomcatWebServer  : Tomcat started on port(s): 8080 (http) with context path '/admin/client'
2019-12-05 19:55:12.304  INFO 5792 --- [restartedMain] x.i.s.b.admin.client.ClientApplication   : Started ClientApplication in 4.235 seconds (JVM running for 5.526)
2019-12-05 19:55:12.633  INFO 5792 --- [RMI TCP Connection(2)-10.252.19.146] o.a.c.c.C.[.[localhost].[/admin/client]  : Initializing Spring DispatcherServlet 'dispatcherServlet'
2019-12-05 19:55:12.634  INFO 5792 --- [RMI TCP Connection(2)-10.252.19.146] o.s.web.servlet.DispatcherServlet        : Initializing Servlet 'dispatcherServlet'
2019-12-05 19:55:12.642  INFO 5792 --- [RMI TCP Connection(2)-10.252.19.146] o.s.web.servlet.DispatcherServlet        : Completed initialization in 8 ms
2019-12-05 19:55:13.058  INFO 5792 --- [registrationTask1] d.c.b.a.c.r.ApplicationRegistrator       : Application registered itself as 7b2776d7ce17
2019-12-05 19:58:39.119  INFO 5636 --- [restartedMain] x.i.s.b.admin.client.ClientApplication   : Starting ClientApplication on 010A1805300032 with PID 5636 (D:\Code\ieden-example\spring-boot-example\spring-boot-admin\spring-boot-admin-client\target\classes started by lianghongwei01 in D:\Code\ieden-example)
2019-12-05 19:58:39.134  INFO 5636 --- [restartedMain] x.i.s.b.admin.client.ClientApplication   : No active profile set, falling back to default profiles: default
2019-12-05 19:58:39.256  INFO 5636 --- [restartedMain] .e.DevToolsPropertyDefaultsPostProcessor : Devtools property defaults active! Set 'spring.devtools.add-properties' to 'false' to disable
2019-12-05 19:58:39.256  INFO 5636 --- [restartedMain] .e.DevToolsPropertyDefaultsPostProcessor : For additional web related logging consider setting the 'logging.level.web' property to 'DEBUG'
2019-12-05 19:58:41.549  INFO 5636 --- [restartedMain] o.s.b.w.embedded.tomcat.TomcatWebServer  : Tomcat initialized with port(s): 8080 (http)
2019-12-05 19:58:41.558  INFO 5636 --- [restartedMain] o.apache.catalina.core.StandardService   : Starting service [Tomcat]
2019-12-05 19:58:41.558  INFO 5636 --- [restartedMain] org.apache.catalina.core.StandardEngine  : Starting Servlet engine: [Apache Tomcat/9.0.27]
2019-12-05 19:58:41.635  INFO 5636 --- [restartedMain] o.a.c.c.C.[.[localhost].[/admin/client]  : Initializing Spring embedded WebApplicationContext
2019-12-05 19:58:41.636  INFO 5636 --- [restartedMain] o.s.web.context.ContextLoader            : Root WebApplicationContext: initialization completed in 2378 ms
2019-12-05 19:58:41.844  INFO 5636 --- [restartedMain] o.s.b.a.e.web.ServletEndpointRegistrar   : Registered '/actuator/jolokia' to jolokia-actuator-endpoint
2019-12-05 19:58:41.987  INFO 5636 --- [restartedMain] o.s.s.concurrent.ThreadPoolTaskExecutor  : Initializing ExecutorService 'applicationTaskExecutor'
2019-12-05 19:58:42.174  INFO 5636 --- [restartedMain] o.s.s.c.ThreadPoolTaskScheduler          : Initializing ExecutorService
2019-12-05 19:58:42.232  WARN 5636 --- [restartedMain] o.s.b.d.a.OptionalLiveReloadServer       : Unable to start LiveReload server
2019-12-05 19:58:42.236  INFO 5636 --- [restartedMain] o.s.b.a.e.web.EndpointLinksResolver      : Exposing 15 endpoint(s) beneath base path '/actuator'
2019-12-05 19:58:42.366  INFO 5636 --- [restartedMain] o.s.b.w.embedded.tomcat.TomcatWebServer  : Tomcat started on port(s): 8080 (http) with context path '/admin/client'
2019-12-05 19:58:42.370  INFO 5636 --- [restartedMain] x.i.s.b.admin.client.ClientApplication   : Started ClientApplication in 4.255 seconds (JVM running for 5.605)
2019-12-05 19:58:43.001  INFO 5636 --- [RMI TCP Connection(5)-10.252.19.146] o.a.c.c.C.[.[localhost].[/admin/client]  : Initializing Spring DispatcherServlet 'dispatcherServlet'
2019-12-05 19:58:43.002  INFO 5636 --- [RMI TCP Connection(5)-10.252.19.146] o.s.web.servlet.DispatcherServlet        : Initializing Servlet 'dispatcherServlet'
2019-12-05 19:58:43.009  INFO 5636 --- [RMI TCP Connection(5)-10.252.19.146] o.s.web.servlet.DispatcherServlet        : Completed initialization in 7 ms
2019-12-05 19:58:43.091  INFO 5636 --- [registrationTask1] d.c.b.a.c.r.ApplicationRegistrator       : Application registered itself as 7b2776d7ce17
2019-12-05 20:00:59.392  INFO 9316 --- [restartedMain] x.i.s.b.admin.client.ClientApplication   : Starting ClientApplication on 010A1805300032 with PID 9316 (D:\Code\ieden-example\spring-boot-example\spring-boot-admin\spring-boot-admin-client\target\classes started by lianghongwei01 in D:\Code\ieden-example)
2019-12-05 20:00:59.397  INFO 9316 --- [restartedMain] x.i.s.b.admin.client.ClientApplication   : No active profile set, falling back to default profiles: default
2019-12-05 20:00:59.467  INFO 9316 --- [restartedMain] .e.DevToolsPropertyDefaultsPostProcessor : Devtools property defaults active! Set 'spring.devtools.add-properties' to 'false' to disable
2019-12-05 20:00:59.468  INFO 9316 --- [restartedMain] .e.DevToolsPropertyDefaultsPostProcessor : For additional web related logging consider setting the 'logging.level.web' property to 'DEBUG'
2019-12-05 20:01:01.607  INFO 9316 --- [restartedMain] o.s.b.w.embedded.tomcat.TomcatWebServer  : Tomcat initialized with port(s): 8080 (http)
2019-12-05 20:01:01.615  INFO 9316 --- [restartedMain] o.apache.catalina.core.StandardService   : Starting service [Tomcat]
2019-12-05 20:01:01.616  INFO 9316 --- [restartedMain] org.apache.catalina.core.StandardEngine  : Starting Servlet engine: [Apache Tomcat/9.0.27]
2019-12-05 20:01:01.706  INFO 9316 --- [restartedMain] o.a.c.c.C.[.[localhost].[/admin/client]  : Initializing Spring embedded WebApplicationContext
2019-12-05 20:01:01.706  INFO 9316 --- [restartedMain] o.s.web.context.ContextLoader            : Root WebApplicationContext: initialization completed in 2238 ms
2019-12-05 20:01:01.981  INFO 9316 --- [restartedMain] o.s.b.a.e.web.ServletEndpointRegistrar   : Registered '/actuator/jolokia' to jolokia-actuator-endpoint
2019-12-05 20:01:02.144  INFO 9316 --- [restartedMain] o.s.s.concurrent.ThreadPoolTaskExecutor  : Initializing ExecutorService 'applicationTaskExecutor'
2019-12-05 20:01:02.339  INFO 9316 --- [restartedMain] o.s.s.c.ThreadPoolTaskScheduler          : Initializing ExecutorService
2019-12-05 20:01:02.400  WARN 9316 --- [restartedMain] o.s.b.d.a.OptionalLiveReloadServer       : Unable to start LiveReload server
2019-12-05 20:01:02.404  INFO 9316 --- [restartedMain] o.s.b.a.e.web.EndpointLinksResolver      : Exposing 15 endpoint(s) beneath base path '/actuator'
2019-12-05 20:01:02.567  INFO 9316 --- [restartedMain] o.s.b.w.embedded.tomcat.TomcatWebServer  : Tomcat started on port(s): 8080 (http) with context path '/admin/client'
2019-12-05 20:01:02.572  INFO 9316 --- [restartedMain] x.i.s.b.admin.client.ClientApplication   : Started ClientApplication in 3.886 seconds (JVM running for 5.518)
2019-12-05 20:01:02.725  INFO 9316 --- [registrationTask1] d.c.b.a.c.r.ApplicationRegistrator       : Application registered itself as 7b2776d7ce17
2019-12-05 20:01:02.732  INFO 9316 --- [RMI TCP Connection(3)-10.252.19.146] o.a.c.c.C.[.[localhost].[/admin/client]  : Initializing Spring DispatcherServlet 'dispatcherServlet'
2019-12-05 20:01:02.732  INFO 9316 --- [RMI TCP Connection(3)-10.252.19.146] o.s.web.servlet.DispatcherServlet        : Initializing Servlet 'dispatcherServlet'
2019-12-05 20:01:02.739  INFO 9316 --- [RMI TCP Connection(3)-10.252.19.146] o.s.web.servlet.DispatcherServlet        : Completed initialization in 7 ms
2019-12-05 20:01:13.586  WARN 9316 --- [registrationTask1] d.c.b.a.c.r.ApplicationRegistrator       : Failed to register application as Application(name=admin-client, managementUrl=http://010A1805300032.58ganji-corp.com:8080/admin/client/actuator, healthUrl=http://010A1805300032.58ganji-corp.com:8080/admin/client/actuator/health, serviceUrl=http://010A1805300032.58ganji-corp.com:8080/admin/client) at spring-boot-admin ([http://localhost:9080/admin/service/instances]): I/O error on POST request for "http://localhost:9080/admin/service/instances": Connection refused: connect; nested exception is java.net.ConnectException: Connection refused: connect. Further attempts are logged on DEBUG level
2019-12-05 20:03:43.593  WARN 9316 --- [registrationTask1] d.c.b.a.c.r.ApplicationRegistrator       : Failed to register application as Application(name=admin-client, managementUrl=http://010A1805300032.58ganji-corp.com:8080/admin/client/actuator, healthUrl=http://010A1805300032.58ganji-corp.com:8080/admin/client/actuator/health, serviceUrl=http://010A1805300032.58ganji-corp.com:8080/admin/client) at spring-boot-admin ([http://localhost:9080/admin/service/instances]): I/O error on POST request for "http://localhost:9080/admin/service/instances": Connection refused: connect; nested exception is java.net.ConnectException: Connection refused: connect. Further attempts are logged on DEBUG level
2019-12-05 20:13:45.999  INFO 1036 --- [restartedMain] x.i.s.b.admin.client.ClientApplication   : Starting ClientApplication on 010A1805300032 with PID 1036 (D:\Code\ieden-example\spring-boot-example\spring-boot-admin\spring-boot-admin-client\target\classes started by lianghongwei01 in D:\Code\ieden-example)
2019-12-05 20:13:46.003  INFO 1036 --- [restartedMain] x.i.s.b.admin.client.ClientApplication   : No active profile set, falling back to default profiles: default
2019-12-05 20:13:46.136  INFO 1036 --- [restartedMain] .e.DevToolsPropertyDefaultsPostProcessor : Devtools property defaults active! Set 'spring.devtools.add-properties' to 'false' to disable
2019-12-05 20:13:46.137  INFO 1036 --- [restartedMain] .e.DevToolsPropertyDefaultsPostProcessor : For additional web related logging consider setting the 'logging.level.web' property to 'DEBUG'
2019-12-05 20:13:48.982  INFO 1036 --- [restartedMain] o.s.b.w.embedded.tomcat.TomcatWebServer  : Tomcat initialized with port(s): 8080 (http)
2019-12-05 20:13:48.991  INFO 1036 --- [restartedMain] o.apache.catalina.core.StandardService   : Starting service [Tomcat]
2019-12-05 20:13:48.992  INFO 1036 --- [restartedMain] org.apache.catalina.core.StandardEngine  : Starting Servlet engine: [Apache Tomcat/9.0.27]
2019-12-05 20:13:49.069  INFO 1036 --- [restartedMain] o.a.c.c.C.[.[localhost].[/admin/client]  : Initializing Spring embedded WebApplicationContext
2019-12-05 20:13:49.069  INFO 1036 --- [restartedMain] o.s.web.context.ContextLoader            : Root WebApplicationContext: initialization completed in 2932 ms
2019-12-05 20:13:49.289  INFO 1036 --- [restartedMain] o.s.b.a.e.web.ServletEndpointRegistrar   : Registered '/actuator/jolokia' to jolokia-actuator-endpoint
2019-12-05 20:13:49.432  INFO 1036 --- [restartedMain] o.s.s.concurrent.ThreadPoolTaskExecutor  : Initializing ExecutorService 'applicationTaskExecutor'
2019-12-05 20:13:49.641  INFO 1036 --- [restartedMain] o.s.s.c.ThreadPoolTaskScheduler          : Initializing ExecutorService
2019-12-05 20:13:49.783  INFO 1036 --- [restartedMain] o.s.b.d.a.OptionalLiveReloadServer       : LiveReload server is running on port 35729
2019-12-05 20:13:49.789  INFO 1036 --- [restartedMain] o.s.b.a.e.web.EndpointLinksResolver      : Exposing 15 endpoint(s) beneath base path '/actuator'
2019-12-05 20:13:49.875  INFO 1036 --- [restartedMain] o.s.b.w.embedded.tomcat.TomcatWebServer  : Tomcat started on port(s): 8080 (http) with context path '/admin/client'
2019-12-05 20:13:49.880  INFO 1036 --- [restartedMain] x.i.s.b.admin.client.ClientApplication   : Started ClientApplication in 4.752 seconds (JVM running for 5.726)
2019-12-05 20:13:50.488  INFO 1036 --- [RMI TCP Connection(1)-10.252.19.146] o.a.c.c.C.[.[localhost].[/admin/client]  : Initializing Spring DispatcherServlet 'dispatcherServlet'
2019-12-05 20:13:50.488  INFO 1036 --- [RMI TCP Connection(1)-10.252.19.146] o.s.web.servlet.DispatcherServlet        : Initializing Servlet 'dispatcherServlet'
2019-12-05 20:13:50.496  INFO 1036 --- [RMI TCP Connection(1)-10.252.19.146] o.s.web.servlet.DispatcherServlet        : Completed initialization in 8 ms
2019-12-05 20:13:50.982  WARN 1036 --- [registrationTask1] d.c.b.a.c.r.ApplicationRegistrator       : Failed to register application as Application(name=admin-client, managementUrl=http://010A1805300032.58ganji-corp.com:8080/admin/client/actuator, healthUrl=http://010A1805300032.58ganji-corp.com:8080/admin/client/actuator/health, serviceUrl=http://010A1805300032.58ganji-corp.com:8080/admin/client) at spring-boot-admin ([http://localhost:9080/admin/service/instances]): I/O error on POST request for "http://localhost:9080/admin/service/instances": Connection refused: connect; nested exception is java.net.ConnectException: Connection refused: connect. Further attempts are logged on DEBUG level
2019-12-05 20:16:01.160  INFO 2464 --- [restartedMain] x.i.s.b.admin.client.ClientApplication   : Starting ClientApplication on 010A1805300032 with PID 2464 (D:\Code\ieden-example\spring-boot-example\spring-boot-admin\spring-boot-admin-client\target\classes started by lianghongwei01 in D:\Code\ieden-example)
2019-12-05 20:16:01.165  INFO 2464 --- [restartedMain] x.i.s.b.admin.client.ClientApplication   : No active profile set, falling back to default profiles: default
2019-12-05 20:16:01.239  INFO 2464 --- [restartedMain] .e.DevToolsPropertyDefaultsPostProcessor : Devtools property defaults active! Set 'spring.devtools.add-properties' to 'false' to disable
2019-12-05 20:16:01.242  INFO 2464 --- [restartedMain] .e.DevToolsPropertyDefaultsPostProcessor : For additional web related logging consider setting the 'logging.level.web' property to 'DEBUG'
2019-12-05 20:16:02.977  INFO 2464 --- [restartedMain] o.s.b.w.embedded.tomcat.TomcatWebServer  : Tomcat initialized with port(s): 8080 (http)
2019-12-05 20:16:02.986  INFO 2464 --- [restartedMain] o.apache.catalina.core.StandardService   : Starting service [Tomcat]
2019-12-05 20:16:02.986  INFO 2464 --- [restartedMain] org.apache.catalina.core.StandardEngine  : Starting Servlet engine: [Apache Tomcat/9.0.27]
2019-12-05 20:16:03.060  INFO 2464 --- [restartedMain] o.a.c.c.C.[.[localhost].[/admin/client]  : Initializing Spring embedded WebApplicationContext
2019-12-05 20:16:03.061  INFO 2464 --- [restartedMain] o.s.web.context.ContextLoader            : Root WebApplicationContext: initialization completed in 1818 ms
2019-12-05 20:16:03.260  INFO 2464 --- [restartedMain] o.s.b.a.e.web.ServletEndpointRegistrar   : Registered '/actuator/jolokia' to jolokia-actuator-endpoint
2019-12-05 20:16:03.414  INFO 2464 --- [restartedMain] o.s.s.concurrent.ThreadPoolTaskExecutor  : Initializing ExecutorService 'applicationTaskExecutor'
2019-12-05 20:16:03.605  INFO 2464 --- [restartedMain] o.s.s.c.ThreadPoolTaskScheduler          : Initializing ExecutorService
2019-12-05 20:16:03.674  WARN 2464 --- [restartedMain] o.s.b.d.a.OptionalLiveReloadServer       : Unable to start LiveReload server
2019-12-05 20:16:03.680  INFO 2464 --- [restartedMain] o.s.b.a.e.web.EndpointLinksResolver      : Exposing 15 endpoint(s) beneath base path '/actuator'
2019-12-05 20:16:03.832  INFO 2464 --- [restartedMain] o.s.b.w.embedded.tomcat.TomcatWebServer  : Tomcat started on port(s): 8080 (http) with context path '/admin/client'
2019-12-05 20:16:03.837  INFO 2464 --- [restartedMain] x.i.s.b.admin.client.ClientApplication   : Started ClientApplication in 3.548 seconds (JVM running for 4.522)
2019-12-05 20:16:04.223  INFO 2464 --- [RMI TCP Connection(2)-10.252.19.146] o.a.c.c.C.[.[localhost].[/admin/client]  : Initializing Spring DispatcherServlet 'dispatcherServlet'
2019-12-05 20:16:04.223  INFO 2464 --- [RMI TCP Connection(2)-10.252.19.146] o.s.web.servlet.DispatcherServlet        : Initializing Servlet 'dispatcherServlet'
2019-12-05 20:16:04.231  INFO 2464 --- [RMI TCP Connection(2)-10.252.19.146] o.s.web.servlet.DispatcherServlet        : Completed initialization in 8 ms
2019-12-05 20:16:04.467  INFO 2464 --- [registrationTask1] d.c.b.a.c.r.ApplicationRegistrator       : Application registered itself as 7b2776d7ce17
2019-12-05 20:24:19.240  INFO 8316 --- [restartedMain] x.i.s.b.admin.client.ClientApplication   : Starting ClientApplication on 010A1805300032 with PID 8316 (D:\Code\ieden-example\spring-boot-example\spring-boot-admin\spring-boot-admin-client\target\classes started by lianghongwei01 in D:\Code\ieden-example)
2019-12-05 20:24:19.244  INFO 8316 --- [restartedMain] x.i.s.b.admin.client.ClientApplication   : No active profile set, falling back to default profiles: default
2019-12-05 20:24:19.324  INFO 8316 --- [restartedMain] .e.DevToolsPropertyDefaultsPostProcessor : Devtools property defaults active! Set 'spring.devtools.add-properties' to 'false' to disable
2019-12-05 20:24:19.343  INFO 8316 --- [restartedMain] .e.DevToolsPropertyDefaultsPostProcessor : For additional web related logging consider setting the 'logging.level.web' property to 'DEBUG'
2019-12-05 20:24:22.181  INFO 8316 --- [restartedMain] o.s.b.w.embedded.tomcat.TomcatWebServer  : Tomcat initialized with port(s): 8080 (http)
2019-12-05 20:24:22.196  INFO 8316 --- [restartedMain] o.apache.catalina.core.StandardService   : Starting service [Tomcat]
2019-12-05 20:24:22.197  INFO 8316 --- [restartedMain] org.apache.catalina.core.StandardEngine  : Starting Servlet engine: [Apache Tomcat/9.0.27]
2019-12-05 20:24:22.320  INFO 8316 --- [restartedMain] o.a.c.c.C.[.[localhost].[/admin/client]  : Initializing Spring embedded WebApplicationContext
2019-12-05 20:24:22.321  INFO 8316 --- [restartedMain] o.s.web.context.ContextLoader            : Root WebApplicationContext: initialization completed in 2978 ms
2019-12-05 20:24:22.560  INFO 8316 --- [restartedMain] o.s.b.a.e.web.ServletEndpointRegistrar   : Registered '/actuator/jolokia' to jolokia-actuator-endpoint
2019-12-05 20:24:22.710  INFO 8316 --- [restartedMain] o.s.s.concurrent.ThreadPoolTaskExecutor  : Initializing ExecutorService 'applicationTaskExecutor'
2019-12-05 20:24:22.902  INFO 8316 --- [restartedMain] o.s.s.c.ThreadPoolTaskScheduler          : Initializing ExecutorService
2019-12-05 20:24:22.967  WARN 8316 --- [restartedMain] o.s.b.d.a.OptionalLiveReloadServer       : Unable to start LiveReload server
2019-12-05 20:24:22.971  INFO 8316 --- [restartedMain] o.s.b.a.e.web.EndpointLinksResolver      : Exposing 15 endpoint(s) beneath base path '/actuator'
2019-12-05 20:24:23.135  INFO 8316 --- [restartedMain] o.s.b.w.embedded.tomcat.TomcatWebServer  : Tomcat started on port(s): 8080 (http) with context path '/admin/client'
2019-12-05 20:24:23.138  INFO 8316 --- [restartedMain] x.i.s.b.admin.client.ClientApplication   : Started ClientApplication in 4.648 seconds (JVM running for 6.15)
2019-12-05 20:24:23.753  INFO 8316 --- [registrationTask1] d.c.b.a.c.r.ApplicationRegistrator       : Application registered itself as 7b2776d7ce17
2019-12-05 20:24:23.970  INFO 8316 --- [RMI TCP Connection(3)-10.252.19.146] o.a.c.c.C.[.[localhost].[/admin/client]  : Initializing Spring DispatcherServlet 'dispatcherServlet'
2019-12-05 20:24:23.971  INFO 8316 --- [RMI TCP Connection(3)-10.252.19.146] o.s.web.servlet.DispatcherServlet        : Initializing Servlet 'dispatcherServlet'
2019-12-05 20:24:23.983  INFO 8316 --- [RMI TCP Connection(3)-10.252.19.146] o.s.web.servlet.DispatcherServlet        : Completed initialization in 11 ms
